{"C:\\Users\\dwk55\\Desktop\\ajs-homework\\ajs ci\\src\\index.js": {"path":"C:\\Users\\dwk55\\Desktop\\ajs-homework\\ajs ci\\src\\index.js","statementMap":{"0":{"start":{"line":2,"column":1},"end":{"line":8,"column":2}},"1":{"start":{"line":3,"column":2},"end":{"line":3,"column":19}},"2":{"start":{"line":4,"column":8},"end":{"line":8,"column":2}},"3":{"start":{"line":5,"column":2},"end":{"line":5,"column":19}},"4":{"start":{"line":7,"column":2},"end":{"line":7,"column":20}}},"fnMap":{"0":{"name":"howHealthy","decl":{"start":{"line":1,"column":24},"end":{"line":1,"column":34}},"loc":{"start":{"line":1,"column":42},"end":{"line":9,"column":1}},"line":1}},"branchMap":{"0":{"loc":{"start":{"line":2,"column":1},"end":{"line":8,"column":2}},"type":"if","locations":[{"start":{"line":2,"column":1},"end":{"line":8,"column":2}},{"start":{"line":4,"column":8},"end":{"line":8,"column":2}}],"line":2},"1":{"loc":{"start":{"line":4,"column":8},"end":{"line":8,"column":2}},"type":"if","locations":[{"start":{"line":4,"column":8},"end":{"line":8,"column":2}},{"start":{"line":6,"column":8},"end":{"line":8,"column":2}}],"line":4},"2":{"loc":{"start":{"line":4,"column":12},"end":{"line":4,"column":54}},"type":"binary-expr","locations":[{"start":{"line":4,"column":12},"end":{"line":4,"column":31}},{"start":{"line":4,"column":35},"end":{"line":4,"column":54}}],"line":4}},"s":{"0":3,"1":1,"2":2,"3":1,"4":1},"f":{"0":3},"b":{"0":[1,2],"1":[1,1],"2":[2,2]},"_coverageSchema":"1a1c01bbd47fc00a2c39e90264f33305004495a9","hash":"d15666453aa5e259777357e4dafd3d24b9daac38"}
}
